docker rmi sameprolog-vim | true
Error: No such image: sameprolog-vim
docker rmi sameprolog-emacs | true
docker rmi clearlinux | true
Building emacs 

m4 -I templates dockerfile.emacs.m4 | tee Dockerfile.emacs | docker build --no-cache=true -t sameprolog-emacs -
Sending build context to Docker daemon  2.048kB


Step 1/5 : FROM clearlinux:latest
latest: Pulling from library/clearlinux
Digest: sha256:7c52533bd88ff54e2ff59ef81f13826de526a9c1191133de84c28eef50dd6699
Status: Downloaded newer image for clearlinux:latest
 ---> ac647b2ff319
Step 2/5 : RUN swupd update &&     swupd bundle-add c-basic strace
 ---> Running in f5f2aba38cdc
Update started
Preparing to update from 32070 to 32140
Downloading packs for:
 - libstdcpp
 - os-core
 - os-core-plus
 - os-core-update
 - os-core-webproxy
 [ 20%]
 [ 40%]
 [ 60%]
 [ 80%]
 [100%]
Finishing packs extraction...

Statistics for going from version 32070 to version 32140:

    changed bundles   : 5
    new bundles       : 0
    deleted bundles   : 0

    changed files     : 277
    new files         : 4
    deleted files     : 2

Validate downloaded files
 [  1%]
 [  2%]
 [  3%]
 [  4%]
 [  5%]
 [  6%]
 [  7%]
 [  8%]
 [  9%]
 [ 10%]
 [ 11%]
 [ 12%]
 [ 13%]
 [ 14%]
 [ 15%]
 [ 16%]
 [ 17%]
 [ 18%]
 [ 19%]
 [ 20%]
 [ 21%]
 [ 22%]
 [ 23%]
 [ 24%]
 [ 25%]
 [ 26%]
 [ 27%]
 [ 28%]
 [ 29%]
 [ 30%]
 [ 31%]
 [ 32%]
 [ 33%]
 [ 34%]
 [ 35%]
 [ 36%]
 [ 37%]
 [ 38%]
 [ 39%]
 [ 40%]
 [ 41%]
 [ 42%]
 [ 43%]
 [ 44%]
 [ 45%]
 [ 46%]
 [ 47%]
 [ 48%]
 [ 49%]
 [ 50%]
 [ 51%]
 [ 52%]
 [ 53%]
 [ 54%]
 [ 55%]
 [ 56%]
 [ 57%]
 [ 58%]
 [ 59%]
 [ 60%]
 [ 61%]
 [ 62%]
 [ 63%]
 [ 64%]
 [ 65%]
 [ 66%]
 [ 67%]
 [ 68%]
 [ 69%]
 [ 70%]
 [ 71%]
 [ 72%]
 [ 73%]
 [ 74%]
 [ 75%]
 [ 76%]
 [ 77%]
 [ 78%]
 [ 79%]
 [ 80%]
 [ 81%]
 [ 82%]
 [ 83%]
 [ 84%]
 [ 85%]
 [ 86%]
 [ 87%]
 [ 88%]
 [ 89%]
 [ 90%]
 [ 91%]
 [ 92%]
 [ 93%]
 [ 94%]
 [ 95%]
 [ 96%]
 [ 97%]
 [ 98%]
 [ 99%]
 [100%]
Starting download of remaining update content. This may take a while...
 [  1%]
 [  2%]
 [  3%]
 [  4%]
 [  5%]
 [  6%]
 [  7%]
 [  8%]
 [  9%]
 [ 10%]
 [ 11%]
 [ 12%]
 [ 13%]
 [ 14%]
 [ 15%]
 [ 16%]
 [ 17%]
 [ 18%]
 [ 19%]
 [ 20%]
 [ 21%]
 [ 22%]
 [ 23%]
 [ 24%]
 [ 25%]
 [ 26%]
 [ 27%]
 [ 28%]
 [ 29%]
 [ 30%]
 [ 31%]
 [ 32%]
 [ 33%]
 [ 34%]
 [ 35%]
 [ 36%]
 [ 37%]
 [ 38%]
 [ 39%]
 [ 40%]
 [ 41%]
 [ 42%]
 [ 43%]
 [ 44%]
 [ 45%]
 [ 46%]
 [ 47%]
 [ 48%]
 [ 49%]
 [ 50%]
 [ 51%]
 [ 52%]
 [ 53%]
 [ 54%]
 [ 55%]
 [ 56%]
 [ 58%]
 [ 59%]
 [ 60%]
 [ 61%]
 [ 62%]
 [ 63%]
 [ 64%]
 [ 65%]
 [ 66%]
 [ 67%]
 [ 68%]
 [ 69%]
 [ 70%]
 [ 71%]
 [ 72%]
 [ 73%]
 [ 74%]
 [ 75%]
 [ 76%]
 [ 77%]
 [ 78%]
 [ 79%]
 [ 80%]
 [ 81%]
 [ 82%]
 [ 83%]
 [ 84%]
 [ 85%]
 [ 86%]
 [ 87%]
 [ 88%]
 [ 89%]
 [ 90%]
 [ 91%]
 [ 92%]
 [ 93%]
 [ 94%]
 [ 95%]
 [ 96%]
 [ 97%]
 [ 98%]
 [100%]
Installing files...
 [  1%]
 [  2%]
 [  3%]
 [  4%]
 [  5%]
 [  6%]
 [  7%]
 [  8%]
 [  9%]
 [ 10%]
 [ 11%]
 [ 12%]
 [ 13%]
 [ 14%]
 [ 15%]
 [ 16%]
 [ 17%]
 [ 18%]
 [ 19%]
 [ 20%]
 [ 21%]
 [ 22%]
 [ 23%]
 [ 24%]
 [ 25%]
 [ 26%]
 [ 27%]
 [ 28%]
 [ 29%]
 [ 30%]
 [ 31%]
 [ 32%]
 [ 33%]
 [ 34%]
 [ 35%]
 [ 36%]
 [ 37%]
 [ 38%]
 [ 39%]
 [ 40%]
 [ 41%]
 [ 42%]
 [ 43%]
 [ 44%]
 [ 45%]
 [ 46%]
 [ 47%]
 [ 48%]
 [ 49%]
 [ 50%]
 [ 51%]
 [ 52%]
 [ 53%]
 [ 54%]
 [ 55%]
 [ 56%]
 [ 57%]
 [ 58%]
 [ 59%]
 [ 60%]
 [ 61%]
 [ 62%]
 [ 63%]
 [ 64%]
 [ 65%]
 [ 66%]
 [ 67%]
 [ 68%]
 [ 69%]
 [ 70%]
 [ 71%]
 [ 72%]
 [ 73%]
 [ 74%]
 [ 75%]
 [ 76%]
 [ 77%]
 [ 78%]
 [ 79%]
 [ 80%]
 [ 81%]
 [ 82%]
 [ 83%]
 [ 84%]
 [ 85%]
 [ 86%]
 [ 87%]
 [ 88%]
 [ 89%]
 [ 90%]
 [ 91%]
 [ 92%]
 [ 93%]
 [ 94%]
 [ 95%]
 [ 96%]
 [ 97%]
 [ 98%]
 [ 99%]
 [100%]
Update was applied
Calling post-update helper scripts
Update took 7.5 seconds, 6 MB transferred
270 files were not in a pack
Update successful - System updated from version 32070 to version 32140
Loading required manifests...
Downloading packs (180.66 MB) for:
 - c-basic
 - make
 - llvm
 - intltool
 - perl-basic
 - lib-openssl
 - glibc-locale
 - flex
 - bison
 - binutils
 - nasm
 - strace
 [  1%]
 [  2%]
 [  3%]
 [  4%]
 [  5%]
 [  6%]
 [  7%]
 [  8%]
 [  9%]
 [ 10%]
 [ 11%]
 [ 12%]
 [ 13%]
 [ 14%]
 [ 15%]
 [ 16%]
 [ 17%]
 [ 18%]
 [ 19%]
 [ 20%]
 [ 21%]
 [ 22%]
 [ 23%]
 [ 24%]
 [ 25%]
 [ 26%]
 [ 27%]
 [ 28%]
 [ 29%]
 [ 30%]
 [ 31%]
 [ 32%]
 [ 33%]
 [ 34%]
 [ 35%]
 [ 36%]
 [ 37%]
 [ 38%]
 [ 39%]
 [ 40%]
 [ 41%]
 [ 42%]
 [ 43%]
 [ 44%]
 [ 45%]
 [ 46%]
 [ 47%]
 [ 48%]
 [ 49%]
 [ 50%]
 [ 51%]
 [ 52%]
 [ 53%]
 [ 54%]
 [ 55%]
 [ 56%]
 [ 57%]
 [ 58%]
 [ 59%]
 [ 60%]
 [ 61%]
 [ 62%]
 [ 63%]
 [ 64%]
 [ 65%]
 [ 66%]
 [ 67%]
 [ 68%]
 [ 69%]
 [ 70%]
 [ 71%]
 [ 72%]
 [ 73%]
 [ 74%]
 [ 75%]
 [ 76%]
 [ 77%]
 [ 78%]
 [ 79%]
 [ 80%]
 [ 81%]
 [ 82%]
 [ 83%]
 [ 84%]
 [ 85%]
 [ 86%]
 [ 87%]
 [ 88%]
 [ 89%]
 [ 90%]
 [ 91%]
 [ 92%]
 [ 93%]
 [ 94%]
 [ 95%]
 [ 96%]
 [ 97%]
 [ 98%]
 [ 99%]
 [100%]
Finishing packs extraction...
Validate downloaded files
 [  1%]
 [  2%]
 [  3%]
 [  4%]
 [  5%]
 [  6%]
 [  7%]
 [  8%]
 [  9%]
 [ 10%]
 [ 11%]
 [ 12%]
 [ 13%]
 [ 14%]
 [ 15%]
 [ 16%]
 [ 17%]
 [ 18%]
 [ 19%]
 [ 20%]
 [ 21%]
 [ 22%]
 [ 23%]
 [ 24%]
 [ 25%]
 [ 26%]
 [ 27%]
 [ 28%]
 [ 29%]
 [ 30%]
 [ 31%]
 [ 32%]
 [ 33%]
 [ 34%]
 [ 35%]
 [ 36%]
 [ 37%]
 [ 38%]
 [ 39%]
 [ 40%]
 [ 41%]
 [ 42%]
 [ 43%]
 [ 44%]
 [ 45%]
 [ 46%]
 [ 47%]
 [ 48%]
 [ 49%]
 [ 50%]
 [ 51%]
 [ 52%]
 [ 53%]
 [ 54%]
 [ 55%]
 [ 56%]
 [ 57%]
 [ 58%]
 [ 59%]
 [ 60%]
 [ 61%]
 [ 62%]
 [ 63%]
 [ 64%]
 [ 65%]
 [ 66%]
 [ 67%]
 [ 68%]
 [ 69%]
 [ 70%]
 [ 71%]
 [ 72%]
 [ 73%]
 [ 74%]
 [ 75%]
 [ 76%]
 [ 77%]
 [ 78%]
 [ 79%]
 [ 80%]
 [ 81%]
 [ 82%]
 [ 83%]
 [ 84%]
 [ 85%]
 [ 86%]
 [ 87%]
 [ 88%]
 [ 89%]
 [ 90%]
 [ 91%]
 [ 92%]
 [ 93%]
 [ 94%]
 [ 95%]
 [ 96%]
 [ 97%]
 [ 98%]
 [ 99%]
 [100%]
No extra files need to be downloaded
 [100%]
Installing files...
 [  1%]
 [  2%]
 [  3%]
 [  4%]
 [  5%]
 [  6%]
 [  7%]
 [  8%]
 [  9%]
 [ 10%]
 [ 11%]
 [ 12%]
 [ 13%]
 [ 14%]
 [ 15%]
 [ 16%]
 [ 17%]
 [ 18%]
 [ 19%]
 [ 20%]
 [ 21%]
 [ 22%]
 [ 23%]
 [ 24%]
 [ 25%]
 [ 26%]
 [ 27%]
 [ 28%]
 [ 29%]
 [ 30%]
 [ 31%]
 [ 32%]
 [ 33%]
 [ 34%]
 [ 35%]
 [ 36%]
 [ 37%]
 [ 38%]
 [ 39%]
 [ 40%]
 [ 41%]
 [ 42%]
 [ 43%]
 [ 44%]
 [ 45%]
 [ 46%]
 [ 47%]
 [ 48%]
 [ 49%]
 [ 50%]
 [ 51%]
 [ 52%]
 [ 53%]
 [ 54%]
 [ 55%]
 [ 56%]
 [ 57%]
 [ 58%]
 [ 59%]
 [ 60%]
 [ 61%]
 [ 62%]
 [ 63%]
 [ 64%]
 [ 65%]
 [ 66%]
 [ 67%]
 [ 68%]
 [ 69%]
 [ 70%]
 [ 71%]
 [ 72%]
 [ 73%]
 [ 74%]
 [ 75%]
 [ 76%]
 [ 77%]
 [ 78%]
 [ 79%]
 [ 80%]
 [ 81%]
 [ 82%]
 [ 83%]
 [ 84%]
 [ 85%]
 [ 86%]
 [ 87%]
 [ 88%]
 [ 89%]
 [ 90%]
 [ 91%]
 [ 92%]
 [ 93%]
 [ 94%]
 [ 95%]
 [ 96%]
 [ 97%]
 [ 98%]
 [ 99%]
 [100%]
Calling post-update helper scripts
Successfully installed 2 bundles
10 bundles were installed as dependencies
Removing intermediate container f5f2aba38cdc
 ---> eb09b42a50f5
Step 3/5 : FROM clearlinux:latest
 ---> ac647b2ff319
Step 4/5 : RUN swupd bundle-add emacs
 ---> Running in 243d02108694
Loading required manifests...
Downloading packs (42.45 MB) for:
 - emacs
 [  1%]
 [  2%]
 [  3%]
 [  4%]
 [  5%]
 [  6%]
 [  7%]
 [  8%]
 [  9%]
 [ 10%]
 [ 11%]
 [ 12%]
 [ 13%]
 [ 14%]
 [ 15%]
 [ 16%]
 [ 17%]
 [ 18%]
 [ 19%]
 [ 20%]
 [ 21%]
 [ 22%]
 [ 23%]
 [ 24%]
 [ 25%]
 [ 26%]
 [ 27%]
 [ 28%]
 [ 29%]
 [ 30%]
 [ 31%]
 [ 32%]
 [ 33%]
 [ 34%]
 [ 35%]
 [ 36%]
 [ 37%]
 [ 38%]
 [ 39%]
 [ 40%]
 [ 41%]
 [ 42%]
 [ 43%]
 [ 44%]
 [ 45%]
 [ 46%]
 [ 47%]
 [ 48%]
 [ 49%]
 [ 50%]
 [ 51%]
 [ 52%]
 [ 53%]
 [ 54%]
 [ 55%]
 [ 56%]
 [ 57%]
 [ 58%]
 [ 59%]
 [ 60%]
 [ 61%]
 [ 62%]
 [ 63%]
 [ 64%]
 [ 65%]
 [ 66%]
 [ 67%]
 [ 68%]
 [ 69%]
 [ 70%]
 [ 71%]
 [ 72%]
 [ 73%]
 [ 74%]
 [ 75%]
 [ 76%]
 [ 77%]
 [ 78%]
 [ 79%]
 [ 80%]
 [ 81%]
 [ 82%]
 [ 83%]
 [ 84%]
 [ 85%]
 [ 86%]
 [ 87%]
 [ 88%]
 [ 89%]
 [ 90%]
 [ 91%]
 [ 92%]
 [ 93%]
 [ 94%]
 [ 95%]
 [ 96%]
 [ 97%]
 [ 98%]
 [ 99%]
 [100%]
Finishing packs extraction...
Validate downloaded files
 [  1%]
 [  2%]
 [  3%]
 [  4%]
 [  5%]
 [  6%]
 [  7%]
 [  8%]
 [  9%]
 [ 10%]
 [ 11%]
 [ 12%]
 [ 13%]
 [ 14%]
 [ 15%]
 [ 16%]
 [ 17%]
 [ 18%]
 [ 19%]
 [ 20%]
 [ 21%]
 [ 22%]
 [ 23%]
 [ 24%]
 [ 25%]
 [ 26%]
 [ 27%]
 [ 28%]
 [ 29%]
 [ 30%]
 [ 31%]
 [ 32%]
 [ 33%]
 [ 34%]
 [ 35%]
 [ 36%]
 [ 37%]
 [ 38%]
 [ 39%]
 [ 40%]
 [ 41%]
 [ 42%]
 [ 43%]
 [ 44%]
 [ 45%]
 [ 46%]
 [ 47%]
 [ 48%]
 [ 49%]
 [ 50%]
 [ 51%]
 [ 52%]
 [ 53%]
 [ 54%]
 [ 55%]
 [ 56%]
 [ 57%]
 [ 58%]
 [ 59%]
 [ 60%]
 [ 61%]
 [ 62%]
 [ 63%]
 [ 64%]
 [ 65%]
 [ 66%]
 [ 67%]
 [ 68%]
 [ 69%]
 [ 70%]
 [ 71%]
 [ 72%]
 [ 73%]
 [ 74%]
 [ 75%]
 [ 76%]
 [ 77%]
 [ 78%]
 [ 79%]
 [ 80%]
 [ 81%]
 [ 82%]
 [ 83%]
 [ 84%]
 [ 85%]
 [ 86%]
 [ 87%]
 [ 88%]
 [ 89%]
 [ 90%]
 [ 91%]
 [ 92%]
 [ 93%]
 [ 94%]
 [ 95%]
 [ 96%]
 [ 97%]
 [ 98%]
 [ 99%]
 [100%]
No extra files need to be downloaded
 [100%]
Installing files...
 [  1%]
 [  2%]
 [  3%]
 [  4%]
 [  5%]
 [  6%]
 [  7%]
 [  8%]
 [  9%]
 [ 10%]
 [ 11%]
 [ 12%]
 [ 13%]
 [ 14%]
 [ 15%]
 [ 16%]
 [ 17%]
 [ 18%]
 [ 19%]
 [ 20%]
 [ 21%]
 [ 22%]
 [ 23%]
 [ 24%]
 [ 25%]
 [ 26%]
 [ 27%]
 [ 28%]
 [ 29%]
 [ 30%]
 [ 31%]
 [ 32%]
 [ 33%]
 [ 34%]
 [ 35%]
 [ 36%]
 [ 37%]
 [ 38%]
 [ 39%]
 [ 40%]
 [ 41%]
 [ 42%]
 [ 43%]
 [ 44%]
 [ 45%]
 [ 46%]
 [ 47%]
 [ 48%]
 [ 49%]
 [ 50%]
 [ 51%]
 [ 52%]
 [ 53%]
 [ 54%]
 [ 55%]
 [ 56%]
 [ 57%]
 [ 58%]
 [ 59%]
 [ 60%]
 [ 61%]
 [ 62%]
 [ 63%]
 [ 64%]
 [ 65%]
 [ 66%]
 [ 67%]
 [ 68%]
 [ 69%]
 [ 70%]
 [ 71%]
 [ 72%]
 [ 73%]
 [ 74%]
 [ 75%]
 [ 76%]
 [ 77%]
 [ 78%]
 [ 79%]
 [ 80%]
 [ 81%]
 [ 82%]
 [ 83%]
 [ 84%]
 [ 85%]
 [ 86%]
 [ 87%]
 [ 88%]
 [ 89%]
 [ 90%]
 [ 91%]
 [ 92%]
 [ 93%]
 [ 94%]
 [ 95%]
 [ 96%]
 [ 97%]
 [ 98%]
 [ 99%]
 [100%]
Calling post-update helper scripts
Successfully installed 1 bundle
Removing intermediate container 243d02108694
 ---> c81604613499
Step 5/5 : CMD ["/bin/bash"]
 ---> Running in b598e56d50db
Removing intermediate container b598e56d50db
 ---> a8c020e04f20
Successfully built a8c020e04f20
Successfully tagged sameprolog-emacs:latest
Finished emacs 

Building vim 

m4 -I templates dockerfile.vim.m4 | tee Dockerfile.vim | docker build --no-cache=false -t sameprolog-vim -
Sending build context to Docker daemon  2.048kB


Step 1/5 : FROM clearlinux:latest
 ---> ac647b2ff319
Step 2/5 : RUN swupd update &&     swupd bundle-add c-basic strace
 ---> Using cache
 ---> eb09b42a50f5
Step 3/5 : FROM clearlinux:latest
 ---> ac647b2ff319
Step 4/5 : RUN swupd bundle-add vim
 ---> Running in dc21a857d19e
Loading required manifests...
Downloading packs (39.88 MB) for:
 - vim
 - perl-basic
 - lib-openssl
 - python3-basic
 [  1%]
 [  2%]
 [  3%]
 [  4%]
 [  5%]
 [  6%]
 [  7%]
 [  8%]
 [  9%]
 [ 10%]
 [ 11%]
 [ 12%]
 [ 13%]
 [ 14%]
 [ 15%]
 [ 16%]
 [ 17%]
 [ 18%]
 [ 19%]
 [ 20%]
 [ 21%]
 [ 22%]
 [ 23%]
 [ 24%]
 [ 25%]
 [ 26%]
 [ 27%]
 [ 28%]
 [ 29%]
 [ 30%]
 [ 31%]
 [ 32%]
 [ 33%]
 [ 34%]
 [ 35%]
 [ 36%]
 [ 37%]
 [ 38%]
 [ 39%]
 [ 40%]
 [ 41%]
 [ 42%]
 [ 43%]
 [ 44%]
 [ 45%]
 [ 46%]
 [ 47%]
 [ 48%]
 [ 49%]
 [ 50%]
 [ 51%]
 [ 52%]
 [ 53%]
 [ 54%]
 [ 55%]
 [ 56%]
 [ 57%]
 [ 58%]
 [ 59%]
 [ 60%]
 [ 61%]
 [ 62%]
 [ 63%]
 [ 64%]
 [ 65%]
 [ 66%]
 [ 67%]
 [ 68%]
 [ 69%]
 [ 70%]
 [ 71%]
 [ 72%]
 [ 73%]
 [ 74%]
 [ 75%]
 [ 76%]
 [ 77%]
 [ 78%]
 [ 79%]
 [ 80%]
 [ 81%]
 [ 82%]
 [ 83%]
 [ 84%]
 [ 85%]
 [ 86%]
 [ 87%]
 [ 88%]
 [ 89%]
 [ 90%]
 [ 91%]
 [ 92%]
 [ 93%]
 [ 94%]
 [ 95%]
 [ 96%]
 [ 97%]
 [ 98%]
 [ 99%]
 [100%]
Finishing packs extraction...
Validate downloaded files
 [  1%]
 [  2%]
 [  3%]
 [  4%]
 [  5%]
 [  6%]
 [  7%]
 [  8%]
 [  9%]
 [ 10%]
 [ 11%]
 [ 12%]
 [ 13%]
 [ 14%]
 [ 15%]
 [ 16%]
 [ 17%]
 [ 18%]
 [ 19%]
 [ 20%]
 [ 21%]
 [ 22%]
 [ 23%]
 [ 24%]
 [ 25%]
 [ 26%]
 [ 27%]
 [ 28%]
 [ 29%]
 [ 30%]
 [ 31%]
 [ 32%]
 [ 33%]
 [ 34%]
 [ 35%]
 [ 36%]
 [ 37%]
 [ 38%]
 [ 39%]
 [ 40%]
 [ 41%]
 [ 42%]
 [ 43%]
 [ 44%]
 [ 45%]
 [ 46%]
 [ 47%]
 [ 48%]
 [ 49%]
 [ 50%]
 [ 51%]
 [ 52%]
 [ 53%]
 [ 54%]
 [ 55%]
 [ 56%]
 [ 57%]
 [ 58%]
 [ 59%]
 [ 60%]
 [ 61%]
 [ 62%]
 [ 63%]
 [ 64%]
 [ 65%]
 [ 66%]
 [ 67%]
 [ 68%]
 [ 69%]
 [ 70%]
 [ 71%]
 [ 72%]
 [ 73%]
 [ 74%]
 [ 75%]
 [ 76%]
 [ 77%]
 [ 78%]
 [ 79%]
 [ 80%]
 [ 81%]
 [ 82%]
 [ 83%]
 [ 84%]
 [ 85%]
 [ 86%]
 [ 87%]
 [ 88%]
 [ 89%]
 [ 90%]
 [ 91%]
 [ 92%]
 [ 93%]
 [ 94%]
 [ 95%]
 [ 96%]
 [ 97%]
 [ 98%]
 [ 99%]
 [100%]
No extra files need to be downloaded
 [100%]
Installing files...
 [  1%]
 [  2%]
 [  3%]
 [  4%]
 [  5%]
 [  6%]
 [  7%]
 [  8%]
 [  9%]
 [ 10%]
 [ 11%]
 [ 12%]
 [ 13%]
 [ 14%]
 [ 15%]
 [ 16%]
 [ 17%]
 [ 18%]
 [ 19%]
 [ 20%]
 [ 21%]
 [ 22%]
 [ 23%]
 [ 24%]
 [ 25%]
 [ 26%]
 [ 27%]
 [ 28%]
 [ 29%]
 [ 30%]
 [ 31%]
 [ 32%]
 [ 33%]
 [ 34%]
 [ 35%]
 [ 36%]
 [ 37%]
 [ 38%]
 [ 39%]
 [ 40%]
 [ 41%]
 [ 42%]
 [ 43%]
 [ 44%]
 [ 45%]
 [ 46%]
 [ 47%]
 [ 48%]
 [ 49%]
 [ 50%]
 [ 51%]
 [ 52%]
 [ 53%]
 [ 54%]
 [ 55%]
 [ 56%]
 [ 57%]
 [ 58%]
 [ 59%]
 [ 60%]
 [ 61%]
 [ 62%]
 [ 63%]
 [ 64%]
 [ 65%]
 [ 66%]
 [ 67%]
 [ 68%]
 [ 69%]
 [ 70%]
 [ 71%]
 [ 72%]
 [ 73%]
 [ 74%]
 [ 75%]
 [ 76%]
 [ 77%]
 [ 78%]
 [ 79%]
 [ 80%]
 [ 81%]
 [ 82%]
 [ 83%]
 [ 84%]
 [ 85%]
 [ 86%]
 [ 87%]
 [ 88%]
 [ 89%]
 [ 90%]
 [ 91%]
 [ 92%]
 [ 93%]
 [ 94%]
 [ 95%]
 [ 96%]
 [ 97%]
 [ 98%]
 [ 99%]
 [100%]
Calling post-update helper scripts
Successfully installed 1 bundle
3 bundles were installed as dependencies
Removing intermediate container dc21a857d19e
 ---> 70f47a9bcfce
Step 5/5 : CMD ["/bin/bash"]
 ---> Running in 789706e9f5c7
Removing intermediate container 789706e9f5c7
 ---> 37072c4b1b5a
Successfully built 37072c4b1b5a
Successfully tagged sameprolog-vim:latest
Finished vim 

